<?xml version="1.0" encoding="UTF-8"?>
<testng-results skipped="0" failed="0" ignored="0" total="3" passed="3">
  <reporter-output>
  </reporter-output>
  <suite name="Suite" duration-ms="43" started-at="2017-12-23T01:41:10Z" finished-at="2017-12-23T01:41:10Z">
    <groups>
    </groups>
    <test name="Test" duration-ms="43" started-at="2017-12-23T01:41:10Z" finished-at="2017-12-23T01:41:10Z">
      <class name="test.StaicLinkTest">
        <test-method status="PASS" signature="setUp()[pri:0, instance:test.StaicLinkTest@7c16905e]" name="setUp" is-config="true" duration-ms="11" started-at="2017-12-23T07:11:10Z" finished-at="2017-12-23T07:11:10Z">
          <reporter-output>
          </reporter-output>
        </test-method> <!-- setUp -->
        <test-method status="PASS" signature="testFirstMethod()[pri:1, instance:test.StaicLinkTest@7c16905e]" name="testFirstMethod" duration-ms="7" started-at="2017-12-23T07:11:10Z" description="Test First Method" finished-at="2017-12-23T07:11:10Z">
          <reporter-output>
          </reporter-output>
        </test-method> <!-- testFirstMethod -->
        <test-method status="PASS" signature="testSecondMethod()[pri:2, instance:test.StaicLinkTest@7c16905e]" name="testSecondMethod" duration-ms="2" started-at="2017-12-23T07:11:10Z" description="Test Second Method" depends-on-methods="test.StaicLinkTest.testFirstMethod" finished-at="2017-12-23T07:11:10Z">
          <reporter-output>
          </reporter-output>
        </test-method> <!-- testSecondMethod -->
        <test-method status="PASS" signature="testThirdMethod()[pri:3, instance:test.StaicLinkTest@7c16905e]" name="testThirdMethod" duration-ms="2" started-at="2017-12-23T07:11:10Z" description="Test Third Method" finished-at="2017-12-23T07:11:10Z">
          <reporter-output>
          </reporter-output>
        </test-method> <!-- testThirdMethod -->
        <test-method status="PASS" signature="tearDown()[pri:0, instance:test.StaicLinkTest@7c16905e]" name="tearDown" is-config="true" duration-ms="1" started-at="2017-12-23T07:11:15Z" finished-at="2017-12-23T07:11:15Z">
          <reporter-output>
          </reporter-output>
        </test-method> <!-- tearDown -->
      </class> <!-- test.StaicLinkTest -->
    </test> <!-- Test -->
  </suite> <!-- Suite -->
</testng-results>
